/*C1*/SET SCHEMA SYSTEM_LOBS
INSERT INTO BLOCKS VALUES(0,2147483647,0)
COMMIT
/*C11*/SET SCHEMA PUBLIC
drop table collaborator if exists
drop table contact if exists
drop table login if exists
create table collaborator (id bigint generated by default as identity (start with 1), description varchar(255), name varchar(255), role varchar(255) not null, skills varchar(255), workstation varchar(255) not null, primary key (id))
create table contact (id bigint generated by default as identity (start with 1), name varchar(255), phone varchar(255), collaborator_id bigint, primary key (id))
create table login (id bigint generated by default as identity (start with 1), password varchar(255), username varchar(255), primary key (id))
alter table contact add constraint FKb0h8sjem58b3rbe7jpbe3e6c0 foreign key (collaborator_id) references collaborator
INSERT INTO LOGIN VALUES(1,'123','login')
COMMIT
INSERT INTO LOGIN VALUES(2,'456','admin')
COMMIT
INSERT INTO COLLABORATOR VALUES(1,'Programador_Profissional','Mario_Brothers','DESENVOLVEDOR_PHP','Java_CSS','DESENVOLVIMENTO_E_PESQUISA')
COMMIT
INSERT INTO COLLABORATOR VALUES(2,'Designer_Profissional','Jose_Pedrao','DESENVOLVEDOR_JAVA','HTML5_CSS3','HOME_OFFICE')
COMMIT
INSERT INTO CONTACT VALUES(1,'Pedro_Silva','00554499097799',NULL)
COMMIT
INSERT INTO CONTACT VALUES(2,'Maria_Silveira','00554499097700',NULL)
COMMIT
